{
  "0 debug pnpm:scope": {
    "selected": 1,
    "workspacePrefix": "/home/ilya/workspaces/node/ng-webpack-demo"
  },
  "1 error pnpm": {
    "errno": 1,
    "code": "ELIFECYCLE",
    "pkgid": "@hcs-hybrid-demo/old-pure@1.0.0",
    "stage": "build",
    "script": "rimraf dist && cross-env TS_NODE_PROJECT=\"../configs/tsconfig-webpack.json\" webpack --config webpack-prd.config.ts",
    "pkgname": "@hcs-hybrid-demo/old-pure",
    "err": {
      "name": "pnpm",
      "message": "@hcs-hybrid-demo/old-pure@1.0.0 build: `rimraf dist && cross-env TS_NODE_PROJECT=\"../configs/tsconfig-webpack.json\" webpack --config webpack-prd.config.ts`\nExit status 1",
      "code": "ELIFECYCLE",
      "stack": "pnpm: @hcs-hybrid-demo/old-pure@1.0.0 build: `rimraf dist && cross-env TS_NODE_PROJECT=\"../configs/tsconfig-webpack.json\" webpack --config webpack-prd.config.ts`\nExit status 1\n    at EventEmitter.<anonymous> (/home/ilya/.node/corepack/pnpm/6.22.2/dist/pnpm.cjs:103408:20)\n    at EventEmitter.emit (node:events:527:28)\n    at ChildProcess.<anonymous> (/home/ilya/.node/corepack/pnpm/6.22.2/dist/pnpm.cjs:91337:18)\n    at ChildProcess.emit (node:events:527:28)\n    at maybeClose (node:internal/child_process:1090:16)\n    at Process.ChildProcess._handle.onexit (node:internal/child_process:302:5)"
    }
  }
}